rspec ./spec/models/user_spec.rb:31 # Userモデルのテスト バリデーションのテスト nameカラム 一意性があること
rspec ./spec/system/01_before_login_spec.rb:10 # [STEP1] ユーザログイン前のテスト トップ画面のテスト 表示内容の確認 URLが正しい
rspec ./spec/system/01_before_login_spec.rb:13 # [STEP1] ユーザログイン前のテスト トップ画面のテスト 表示内容の確認 Log inリンクが表示される: 青色のボタンの表示が「Log in」である
rspec ./spec/system/01_before_login_spec.rb:17 # [STEP1] ユーザログイン前のテスト トップ画面のテスト 表示内容の確認 Log inリンクの内容が正しい
rspec ./spec/system/01_before_login_spec.rb:21 # [STEP1] ユーザログイン前のテスト トップ画面のテスト 表示内容の確認 Sign upリンクが表示される: 緑色のボタンの 表示が「Sign up」である
rspec ./spec/system/01_before_login_spec.rb:25 # [STEP1] ユーザログイン前のテスト トップ画面のテスト 表示内容の確認 Sign upリンクの内容が正しい
rspec ./spec/system/01_before_login_spec.rb:50 # [STEP1] ユーザログイン前のテスト ヘッダーのテスト: ログインしていない場合 表示内容の確認 Bookersリンクが表示 される: 左上から1番目のリンクが「Bookers」である
rspec ./spec/system/01_before_login_spec.rb:54 # [STEP1] ユーザログイン前のテスト ヘッダーのテスト: ログインしていない場合 表示内容の確認 Homeリンクが表示される: 左上から2番目のリンクが「Home」である
rspec ./spec/system/01_before_login_spec.rb:58 # [STEP1] ユーザログイン前のテスト ヘッダーのテスト: ログインしていない場合 表示内容の確認 Aboutリンクが表示さ れる: 左上から3番目のリンクが「About」である
rspec ./spec/system/01_before_login_spec.rb:62 # [STEP1] ユーザログイン前のテスト ヘッダーのテスト: ログインしていない場合 表示内容の確認 Sign upリンクが表示 される: 左上から4番目のリンクが「Sign up」である
rspec ./spec/system/01_before_login_spec.rb:66 # [STEP1] ユーザログイン前のテスト ヘッダーのテスト: ログインしていない場合 表示内容の確認 Log inリンクが表示される: 左上から5番目のリンクが「Log in」である
rspec ./spec/system/01_before_login_spec.rb:75 # [STEP1] ユーザログイン前のテスト ヘッダーのテスト: ログインしていない場合 リンクの内容を確認 Bookersを押すと 、トップ画面に遷移する
rspec ./spec/system/01_before_login_spec.rb:82 # [STEP1] ユーザログイン前のテスト ヘッダーのテスト: ログインしていない場合 リンクの内容を確認 Homeを押すと、トップ画面に遷移する
rspec ./spec/system/01_before_login_spec.rb:89 # [STEP1] ユーザログイン前のテスト ヘッダーのテスト: ログインしていない場合 リンクの内容を確認 Aboutを押すと、 アバウト画面に遷移する
rspec ./spec/system/01_before_login_spec.rb:95 # [STEP1] ユーザログイン前のテスト ヘッダーのテスト: ログインしていない場合 リンクの内容を確認 Sign upを押すと 、新規登録画面に遷移する
rspec ./spec/system/01_before_login_spec.rb:101 # [STEP1] ユーザログイン前のテスト ヘッダーのテスト: ログインしていない場合 リンクの内容を確認 Log inを押すと 、ログイン画面に遷移する
rspec ./spec/system/02_after_login_spec.rb:50 # [STEP2] ユーザログイン後のテスト 投稿一覧画面のテスト 表示内容の確認 自分と他人の画像のリンク先が正しい
rspec ./spec/system/02_after_login_spec.rb:101 # [STEP2] ユーザログイン後のテスト 投稿一覧画面のテスト 投稿成功のテスト リダイレクト先が、保存できた投稿の詳細画面になっている
rspec ./spec/system/02_after_login_spec.rb:120 # [STEP2] ユーザログイン後のテスト 自分の投稿詳細画面のテスト 表示内容の確認 ユーザ画像・名前のリンク先が正しい
rspec ./spec/system/02_after_login_spec.rb:129 # [STEP2] ユーザログイン後のテスト 自分の投稿詳細画面のテスト 表示内容の確認 投稿の編集リンクが表示される
rspec ./spec/system/02_after_login_spec.rb:157 # [STEP2] ユーザログイン後のテスト 自分の投稿詳細画面のテスト サイドバーの確認 bodyフォームに値が入っていない
rspec ./spec/system/02_after_login_spec.rb:171 # [STEP2] ユーザログイン後のテスト 自分の投稿詳細画面のテスト 投稿成功のテスト 自分の新しい投稿が正しく保存される
rspec ./spec/system/02_after_login_spec.rb:177 # [STEP2] ユーザログイン後のテスト 自分の投稿詳細画面のテスト 編集リンクのテスト 編集画面に遷移する
rspec ./spec/system/02_after_login_spec.rb:213 # [STEP2] ユーザログイン後のテスト 自分の投稿編集画面のテスト 表示の確認 URLが正しい
rspec ./spec/system/02_after_login_spec.rb:216 # [STEP2] ユーザログイン後のテスト 自分の投稿編集画面のテスト 表示の確認 「Editing Book」と表示される
rspec ./spec/system/02_after_login_spec.rb:219 # [STEP2] ユーザログイン後のテスト 自分の投稿編集画面のテスト 表示の確認 title編集フォームが表示される
rspec ./spec/system/02_after_login_spec.rb:222 # [STEP2] ユーザログイン後のテスト 自分の投稿編集画面のテスト 表示の確認 body編集フォームが表示される
rspec ./spec/system/02_after_login_spec.rb:225 # [STEP2] ユーザログイン後のテスト 自分の投稿編集画面のテスト 表示の確認 Update Bookボタンが表示される
rspec ./spec/system/02_after_login_spec.rb:228 # [STEP2] ユーザログイン後のテスト 自分の投稿編集画面のテスト 表示の確認 Showリンクが表示される
rspec ./spec/system/02_after_login_spec.rb:231 # [STEP2] ユーザログイン後のテスト 自分の投稿編集画面のテスト 表示の確認 Backリンクが表示される
rspec ./spec/system/02_after_login_spec.rb:245 # [STEP2] ユーザログイン後のテスト 自分の投稿編集画面のテスト 編集成功のテスト titleが正しく更新される
rspec ./spec/system/02_after_login_spec.rb:248 # [STEP2] ユーザログイン後のテスト 自分の投稿編集画面のテスト 編集成功のテスト bodyが正しく更新される
rspec ./spec/system/02_after_login_spec.rb:251 # [STEP2] ユーザログイン後のテスト 自分の投稿編集画面のテスト 編集成功のテスト リダイレクト先が、更新した投稿の詳細画面になっている
rspec ./spec/system/03_finishing_touches_spec.rb:58 # [STEP3] 仕上げのテスト サクセスメッセージのテスト 投稿データの更新成功時
rspec ./spec/system/03_finishing_touches_spec.rb:162 # [STEP3] 仕上げのテスト 処理失敗時のテスト 投稿データの更新失敗: titleを空にする 投稿が更新されない
rspec ./spec/system/03_finishing_touches_spec.rb:165 # [STEP3] 仕上げのテスト 処理失敗時のテスト 投稿データの更新失敗: titleを空にする 投稿編集画面を表示して おり、フォームの内容が正しい
rspec ./spec/system/03_finishing_touches_spec.rb:170 # [STEP3] 仕上げのテスト 処理失敗時のテスト 投稿データの更新失敗: titleを空にする エラーメッセージが表示 される
rspec ./spec/system/03_finishing_touches_spec.rb:225 # [STEP3] 仕上げのテスト 他人の画面のテスト 他人の投稿詳細画面のテスト 表示内容の確認 ユーザ画像・名前の リンク先が正しい
rspec ./spec/system/03_finishing_touches_spec.rb:247 # [STEP3] 仕上げのテスト 他人の画面のテスト 他人の投稿詳細画面のテスト サイドバーの確認 他人のユーザ編集 画面へのリンクが存在する
rspec ./spec/system/03_finishing_touches_spec.rb:254 # [STEP3] 仕上げのテスト 他人の画面のテスト 他人の投稿詳細画面のテスト サイドバーの確認 自分のユーザ編集 画面へのリンクは存在しない
rspec ./spec/system/03_finishing_touches_spec.rb:261 # [STEP3] 仕上げのテスト 他人の画面のテスト 他人の投稿編集画面 遷移できず、投稿一覧画面にリダイレクトされる
rspec ./spec/system/03_finishing_touches_spec.rb:276 # [STEP3] 仕上げのテスト 他人の画面のテスト 他人のユーザ詳細画面のテスト 表示の確認 投稿一覧のユーザ画像 のリンク先が正しい
rspec ./spec/system/03_finishing_touches_spec.rb:296 # [STEP3] 仕上げのテスト 他人の画面のテスト 他人のユーザ詳細画面のテスト サイドバーの確認 他人のユーザ編 集画面へのリンクが存在する
rspec ./spec/system/03_finishing_touches_spec.rb:303 # [STEP3] 仕上げのテスト 他人の画面のテスト 他人のユーザ詳細画面のテスト サイドバーの確認 自分のユーザ編 集画面へのリンクは存在しない
rspec ./spec/system/03_finishing_touches_spec.rb:310 # [STEP3] 仕上げのテスト 他人の画面のテスト 他人のユーザ情報編集画面 遷移できず、自分のユーザ詳細画面にリダイレクトされる
rspec ./spec/system/03_finishing_touches_spec.rb:327 # [STEP3] 仕上げのテスト グリッドシステムのテスト: container, row, col-md-〇を正しく使えている ユーザ一覧画面
rspec ./spec/system/03_finishing_touches_spec.rb:332 # [STEP3] 仕上げのテスト グリッドシステムのテスト: container, row, col-md-〇を正しく使えている ユーザ詳細画面
rspec ./spec/system/03_finishing_touches_spec.rb:337 # [STEP3] 仕上げのテスト グリッドシステムのテスト: container, row, col-md-〇を正しく使えている 投稿一覧画面
rspec ./spec/system/03_finishing_touches_spec.rb:342 # [STEP3] 仕上げのテスト グリッドシステムのテスト: container, row, col-md-〇を正しく使えている 投稿詳細画面
rspec ./spec/system/03_finishing_touches_spec.rb:357 # [STEP3] 仕上げのテスト アイコンのテスト トップ画面 本のアイコンが表示される
rspec ./spec/system/03_finishing_touches_spec.rb:369 # [STEP3] 仕上げのテスト アイコンのテスト アバウト画面 本のアイコンが表示される
rspec ./spec/system/03_finishing_touches_spec.rb:381 # [STEP3] 仕上げのテスト アイコンのテスト ヘッダー: ログインしていない場合 Homeリンクのアイコンが表示される
rspec ./spec/system/03_finishing_touches_spec.rb:384 # [STEP3] 仕上げのテスト アイコンのテスト ヘッダー: ログインしていない場合 Aboutリンクのアイコンが表示さ れる
rspec ./spec/system/03_finishing_touches_spec.rb:387 # [STEP3] 仕上げのテスト アイコンのテスト ヘッダー: ログインしていない場合 Sign upリンクのアイコンが表示 される
rspec ./spec/system/03_finishing_touches_spec.rb:390 # [STEP3] 仕上げのテスト アイコンのテスト ヘッダー: ログインしていない場合 Log inリンクのアイコンが表示される
rspec ./spec/system/03_finishing_touches_spec.rb:405 # [STEP3] 仕上げのテスト アイコンのテスト ヘッダー: ログインしている場合 Homeリンクのアイコンが表示される
rspec ./spec/system/03_finishing_touches_spec.rb:408 # [STEP3] 仕上げのテスト アイコンのテスト ヘッダー: ログインしている場合 Usersリンクのアイコンが表示され る
rspec ./spec/system/03_finishing_touches_spec.rb:411 # [STEP3] 仕上げのテスト アイコンのテスト ヘッダー: ログインしている場合 Booksリンクのアイコンが表示されるる
rspec ./spec/system/03_finishing_touches_spec.rb:414 # [STEP3] 仕上げのテスト アイコンのテスト ヘッダー: ログインしている場合 Log outリンクのアイコンが表示されるる
rspec ./spec/system/03_finishing_touches_spec.rb:429 # [STEP3] 仕上げのテスト アイコンのテスト サイドバー ユーザ一覧画面でレンチアイコンが表示される
rspec ./spec/system/03_finishing_touches_spec.rb:433 # [STEP3] 仕上げのテスト アイコンのテスト サイドバー ユーザ詳細画面でレンチアイコンが表示される
rspec ./spec/system/03_finishing_touches_spec.rb:437 # [STEP3] 仕上げのテスト アイコンのテスト サイドバー 投稿一覧画面でレンチアイコンが表示される
rspec ./spec/system/03_finishing_touches_spec.rb:441 # [STEP3] 仕上げのテスト アイコンのテスト サイドバー 投稿詳細画面でレンチアイコンが表示

